0 info it worked if it ends with ok
1 verbose cli [ '/usr/bin/node', '/usr/bin/npm', 'run', 'fix' ]
2 info using npm@3.5.2
3 info using node@v8.10.0
4 verbose run-script [ 'prefix', 'fix', 'postfix' ]
5 info lifecycle enfonica-node@0.1.0~prefix: enfonica-node@0.1.0
6 silly lifecycle enfonica-node@0.1.0~prefix: no script for prefix, continuing
7 info lifecycle enfonica-node@0.1.0~fix: enfonica-node@0.1.0
8 verbose lifecycle enfonica-node@0.1.0~fix: unsafe-perm in lifecycle true
9 verbose lifecycle enfonica-node@0.1.0~fix: PATH: /usr/share/npm/bin/node-gyp-bin:/c/dev/enfonica-node/node_modules/.bin:/usr/local/sbin:/usr/local/bin:/usr/sbin:/usr/bin:/sbin:/bin:/snap/bin
10 verbose lifecycle enfonica-node@0.1.0~fix: CWD: /c/dev/enfonica-node
11 silly lifecycle enfonica-node@0.1.0~fix: Args: [ '-c',
11 silly lifecycle   'npm run fix:messaging && npm run fix:numbering && npm run fix:voice' ]
12 silly lifecycle enfonica-node@0.1.0~fix: Returned: code: 1  signal: null
13 info lifecycle enfonica-node@0.1.0~fix: Failed to exec fix script
14 verbose stack Error: enfonica-node@0.1.0 fix: `npm run fix:messaging && npm run fix:numbering && npm run fix:voice`
14 verbose stack Exit status 1
14 verbose stack     at EventEmitter.<anonymous> (/usr/share/npm/lib/utils/lifecycle.js:232:16)
14 verbose stack     at emitTwo (events.js:126:13)
14 verbose stack     at EventEmitter.emit (events.js:214:7)
14 verbose stack     at ChildProcess.<anonymous> (/usr/share/npm/lib/utils/spawn.js:24:14)
14 verbose stack     at emitTwo (events.js:126:13)
14 verbose stack     at ChildProcess.emit (events.js:214:7)
14 verbose stack     at maybeClose (internal/child_process.js:925:16)
14 verbose stack     at Process.ChildProcess._handle.onexit (internal/child_process.js:209:5)
15 verbose pkgid enfonica-node@0.1.0
16 verbose cwd /c/dev/enfonica-node
17 error Linux 4.4.0-19041-Microsoft
18 error argv "/usr/bin/node" "/usr/bin/npm" "run" "fix"
19 error node v8.10.0
20 error npm  v3.5.2
21 error code ELIFECYCLE
22 error enfonica-node@0.1.0 fix: `npm run fix:messaging && npm run fix:numbering && npm run fix:voice`
22 error Exit status 1
23 error Failed at the enfonica-node@0.1.0 fix script 'npm run fix:messaging && npm run fix:numbering && npm run fix:voice'.
23 error Make sure you have the latest version of node.js and npm installed.
23 error If you do, this is most likely a problem with the enfonica-node package,
23 error not with npm itself.
23 error Tell the author that this fails on your system:
23 error     npm run fix:messaging && npm run fix:numbering && npm run fix:voice
23 error You can get information on how to open an issue for this project with:
23 error     npm bugs enfonica-node
23 error Or if that isn't available, you can get their info via:
23 error     npm owner ls enfonica-node
23 error There is likely additional logging output above.
24 verbose exit [ 1, true ]
